<?xml version="1.0" encoding="UTF-8"?>
<testng-results ignored="0" total="1" passed="1" failed="0" skipped="0">
  <reporter-output>
  </reporter-output>
  <suite started-at="2023-01-09T14:08:30 ART" name="Surefire suite" finished-at="2023-01-09T14:08:30 ART" duration-ms="44">
    <groups>
    </groups>
    <test started-at="2023-01-09T14:08:30 ART" name="Surefire test" finished-at="2023-01-09T14:08:30 ART" duration-ms="44">
      <class name="Edit.SauceDemo.AppTest">
        <test-method signature="shouldAnswerWithTrue()" started-at="2023-01-09T14:08:30 ART" name="shouldAnswerWithTrue" finished-at="2023-01-09T14:08:30 ART" duration-ms="5" status="PASS">
          <reporter-output>
          </reporter-output>
        </test-method> <!-- shouldAnswerWithTrue -->
      </class> <!-- Edit.SauceDemo.AppTest -->
    </test> <!-- Surefire test -->
  </suite> <!-- Surefire suite -->
</testng-results>
